2024-01-11 15:12:44 INFO 等待10秒
2024-01-11 15:12:54 INFO 文件: debug.txt.2023-12-13 已经被删除
2024-01-11 15:12:54 INFO 等待10秒
2024-01-11 15:13:04 INFO 文件: debug.txt.2023-12-13 已经被删除
2024-01-11 15:14:47 INFO 开始第一次日志同步
2024-01-11 15:14:47 INFO 文件: 2024-01-02.txt 是新文件, 已经上传至FTP服务器
2024-01-11 15:14:47 INFO 文件: auto_write.db 是新文件, 已经上传至FTP服务器
2024-01-11 15:14:47 INFO 文件: debug.txt.2023-11-13 是新文件, 已经上传至FTP服务器
2024-01-11 15:14:48 INFO 文件: debug.txt.2023-11-14 是新文件, 已经上传至FTP服务器
2024-01-11 15:14:48 INFO 文件: debug.txt.2023-11-15 是新文件, 已经上传至FTP服务器
2024-01-11 15:14:48 INFO 文件: debug.txt.2023-11-16 是新文件, 已经上传至FTP服务器
2024-01-11 15:14:48 INFO 文件: debug.txt.2023-11-17 是新文件, 已经上传至FTP服务器
2024-01-11 15:14:48 INFO 文件: debug.txt.2023-11-18 是新文件, 已经上传至FTP服务器
2024-01-11 15:14:48 INFO 文件: debug.txt.2023-11-20 是新文件, 已经上传至FTP服务器
2024-01-11 15:14:48 INFO 文件: debug.txt.2023-11-21 是新文件, 已经上传至FTP服务器
2024-01-11 15:14:48 INFO 文件: debug.txt.2023-11-27 是新文件, 已经上传至FTP服务器
2024-01-11 15:14:48 INFO 文件: debug.txt.2023-11-28 是新文件, 已经上传至FTP服务器
2024-01-11 15:14:48 INFO 文件: debug.txt.2023-11-29 是新文件, 已经上传至FTP服务器
2024-01-11 15:14:48 INFO 文件: debug.txt.2023-11-30 是新文件, 已经上传至FTP服务器
2024-01-11 15:14:48 INFO 文件: debug.txt.2023-12-01 是新文件, 已经上传至FTP服务器
2024-01-11 15:14:48 INFO 文件: debug.txt.2023-12-02 是新文件, 已经上传至FTP服务器
2024-01-11 15:14:48 INFO 文件: debug.txt.2023-12-03 是新文件, 已经上传至FTP服务器
2024-01-11 15:14:48 INFO 文件: debug.txt.2023-12-04 是新文件, 已经上传至FTP服务器
2024-01-11 15:14:48 INFO 文件: debug.txt.2023-12-05 是新文件, 已经上传至FTP服务器
2024-01-11 15:14:48 INFO 文件: debug.txt.2023-12-06 是新文件, 已经上传至FTP服务器
2024-01-11 15:14:48 INFO 文件: debug.txt.2023-12-07 是新文件, 已经上传至FTP服务器
2024-01-11 15:14:48 INFO 文件: debug.txt.2023-12-08 是新文件, 已经上传至FTP服务器
2024-01-11 15:14:48 INFO 文件: debug.txt.2023-12-09 是新文件, 已经上传至FTP服务器
2024-01-11 15:14:48 INFO 文件: debug.txt.2023-12-10 是新文件, 已经上传至FTP服务器
2024-01-11 15:14:48 INFO 文件: debug.txt.2023-12-11 是新文件, 已经上传至FTP服务器
2024-01-11 15:14:48 INFO 文件: debug.txt.2023-12-12 是新文件, 已经上传至FTP服务器
2024-01-11 15:14:48 INFO 文件: debug.txt.2023-12-14 是新文件, 已经上传至FTP服务器
2024-01-11 15:14:48 INFO 文件: debug.txt.2023-12-18 是新文件, 已经上传至FTP服务器
2024-01-11 15:14:48 INFO 文件: debug.txt.2023-12-19 是新文件, 已经上传至FTP服务器
2024-01-11 15:14:48 INFO 文件: debug.txt.2023-12-20 是新文件, 已经上传至FTP服务器
2024-01-11 15:14:48 INFO 文件: debug.txt.2024-01-10 是新文件, 已经上传至FTP服务器
2024-01-11 15:14:48 INFO 等待10秒
2024-01-11 15:14:58 INFO 等待10秒
2024-01-11 15:15:08 INFO 等待10秒
2024-01-11 15:15:18 INFO 文件: 2023-11-13.txt 是新文件, 已经上传至FTP服务器
2024-01-11 15:15:18 INFO 文件: debug.txt.2023-11-13 已经被删除
2024-01-11 15:15:18 INFO 等待10秒
2024-01-11 15:15:28 INFO 文件: 2023-11-13.txt 是新文件, 已经上传至FTP服务器
2024-01-11 15:15:28 INFO 文件: debug.txt.2023-11-13 已经被删除
2024-01-11 15:16:48 INFO 开始第一次日志同步
2024-01-11 15:16:48 INFO 文件: 2023-11-13.txt 是新文件, 已经上传至FTP服务器
2024-01-11 15:16:48 INFO 文件: 2024-01-02.txt 是新文件, 已经上传至FTP服务器
2024-01-11 15:16:48 INFO 文件: auto_write.db 是新文件, 已经上传至FTP服务器
2024-01-11 15:16:48 INFO 文件: debug.txt.2023-11-14 是新文件, 已经上传至FTP服务器
2024-01-11 15:16:48 INFO 文件: debug.txt.2023-11-15 是新文件, 已经上传至FTP服务器
2024-01-11 15:16:48 INFO 文件: debug.txt.2023-11-16 是新文件, 已经上传至FTP服务器
2024-01-11 15:16:48 INFO 文件: debug.txt.2023-11-17 是新文件, 已经上传至FTP服务器
2024-01-11 15:16:48 INFO 文件: debug.txt.2023-11-18 是新文件, 已经上传至FTP服务器
2024-01-11 15:16:48 INFO 文件: debug.txt.2023-11-20 是新文件, 已经上传至FTP服务器
2024-01-11 15:16:49 INFO 文件: debug.txt.2023-11-21 是新文件, 已经上传至FTP服务器
2024-01-11 15:16:49 INFO 文件: debug.txt.2023-11-27 是新文件, 已经上传至FTP服务器
2024-01-11 15:16:49 INFO 文件: debug.txt.2023-11-28 是新文件, 已经上传至FTP服务器
2024-01-11 15:16:49 INFO 文件: debug.txt.2023-11-29 是新文件, 已经上传至FTP服务器
2024-01-11 15:16:49 INFO 文件: debug.txt.2023-11-30 是新文件, 已经上传至FTP服务器
2024-01-11 15:16:49 INFO 文件: debug.txt.2023-12-01 是新文件, 已经上传至FTP服务器
2024-01-11 15:16:49 INFO 文件: debug.txt.2023-12-02 是新文件, 已经上传至FTP服务器
2024-01-11 15:16:49 INFO 文件: debug.txt.2023-12-03 是新文件, 已经上传至FTP服务器
2024-01-11 15:16:49 INFO 文件: debug.txt.2023-12-04 是新文件, 已经上传至FTP服务器
2024-01-11 15:16:49 INFO 文件: debug.txt.2023-12-05 是新文件, 已经上传至FTP服务器
2024-01-11 15:16:49 INFO 文件: debug.txt.2023-12-06 是新文件, 已经上传至FTP服务器
2024-01-11 15:16:49 INFO 文件: debug.txt.2023-12-07 是新文件, 已经上传至FTP服务器
2024-01-11 15:16:49 INFO 文件: debug.txt.2023-12-08 是新文件, 已经上传至FTP服务器
2024-01-11 15:16:49 INFO 文件: debug.txt.2023-12-09 是新文件, 已经上传至FTP服务器
2024-01-11 15:16:49 INFO 文件: debug.txt.2023-12-10 是新文件, 已经上传至FTP服务器
2024-01-11 15:16:49 INFO 文件: debug.txt.2023-12-11 是新文件, 已经上传至FTP服务器
2024-01-11 15:16:49 INFO 文件: debug.txt.2023-12-12 是新文件, 已经上传至FTP服务器
2024-01-11 15:16:49 INFO 文件: debug.txt.2023-12-14 是新文件, 已经上传至FTP服务器
2024-01-11 15:16:49 INFO 文件: debug.txt.2023-12-18 是新文件, 已经上传至FTP服务器
2024-01-11 15:16:49 INFO 文件: debug.txt.2023-12-19 是新文件, 已经上传至FTP服务器
2024-01-11 15:16:49 INFO 文件: debug.txt.2023-12-20 是新文件, 已经上传至FTP服务器
2024-01-11 15:16:49 INFO 文件: debug.txt.2024-01-10 是新文件, 已经上传至FTP服务器
2024-01-11 15:16:49 INFO 等待10秒
2024-01-11 15:16:59 INFO 等待10秒
2024-01-11 15:17:09 INFO 文件: 2023-12-09.txt 是新文件, 已经上传至FTP服务器
2024-01-11 15:17:09 INFO 文件: debug.txt.2023-12-09 已经被删除
2024-01-11 15:17:09 INFO 等待10秒
2024-01-11 15:17:19 INFO 文件: 2023-12-09.txt 是新文件, 已经上传至FTP服务器
2024-01-11 15:17:19 INFO 文件: debug.txt.2023-12-09 已经被删除
2024-01-11 15:17:19 INFO 等待10秒
2024-01-11 15:17:29 INFO 文件: 2023-12-09.txt 是新文件, 已经上传至FTP服务器
2024-01-11 15:17:29 INFO 文件: debug.txt.2023-12-09 已经被删除
2024-01-11 15:17:29 INFO 等待10秒
2024-01-11 15:17:39 INFO 文件: 2023-12-09.txt 是新文件, 已经上传至FTP服务器
2024-01-11 15:17:39 INFO 文件: debug.txt.2023-12-09 已经被删除
2024-01-11 15:17:39 INFO 等待10秒
2024-01-11 15:17:49 INFO 文件: 2023-12-09.txt 是新文件, 已经上传至FTP服务器
2024-01-11 15:17:49 INFO 文件: debug.txt.2023-12-09 已经被删除
2024-01-11 15:17:49 INFO 等待10秒
2024-01-11 15:26:32 INFO 文件: 2023-12-09.txt 是新文件, 已经上传至FTP服务器
2024-01-11 15:26:32 INFO 文件: debug.txt.2023-12-09 已经被删除
2024-01-11 15:26:32 INFO 等待10秒
2024-01-11 15:26:42 INFO 等待10秒
2024-01-11 15:26:52 INFO 等待10秒
2024-01-11 15:27:02 INFO 等待10秒
2024-01-11 15:27:12 INFO 文件: 2023-11-15.txt 是新文件, 已经上传至FTP服务器
2024-01-11 15:27:12 INFO 文件: debug.txt.2023-11-15 已经被删除
2024-01-11 15:27:12 INFO 等待10秒
2024-01-11 15:27:22 INFO 等待10秒
2024-01-11 15:27:32 INFO 等待10秒
2024-01-11 15:28:35 INFO 等待10秒
2024-01-11 15:28:45 INFO 等待10秒
2024-01-11 15:28:55 WARNING 文件: 2023-11-14.txt 是新文件, 已经上传至FTP服务器
2024-01-11 15:28:55 WARNING 文件: debug.txt.2023-11-14 已经被删除
2024-01-11 15:28:55 INFO 等待10秒
2024-01-11 15:29:05 INFO 等待10秒
2024-01-11 15:29:15 INFO 等待10秒
2024-01-11 15:29:25 INFO 等待10秒
2024-01-11 15:29:35 INFO 等待10秒
2024-01-11 15:29:45 INFO 等待10秒
2024-01-11 15:29:55 INFO 等待10秒
2024-01-11 15:30:05 INFO 等待10秒
2024-01-11 15:30:15 INFO 等待10秒
2024-01-11 15:32:36 INFO 等待10秒
2024-01-11 15:32:51 INFO 等待10秒
2024-01-11 15:32:58 INFO 等待8秒
2024-01-15 13:40:59 WARNING 开始第一次日志同步
2024-01-15 13:40:59 WARNING 文件: CNC1.txt 是新文件, 已经上传至FTP服务器
2024-01-15 13:40:59 WARNING 文件: CNC2.txt 是新文件, 已经上传至FTP服务器
2024-01-15 13:40:59 WARNING 文件: CNC3.txt 是新文件, 已经上传至FTP服务器
2024-01-15 13:40:59 WARNING 文件: CNC4.txt 是新文件, 已经上传至FTP服务器
2024-01-15 13:40:59 INFO 等待8秒
2024-01-15 13:41:07 INFO 等待8秒
2024-01-15 13:41:15 INFO 等待8秒
2024-01-15 13:41:23 INFO 等待8秒
2024-01-15 13:41:31 INFO 等待8秒
2024-01-15 13:41:39 WARNING 文件: CNC12.txt 是新文件, 已经上传至FTP服务器
2024-01-15 13:41:39 WARNING 文件: CNC1.txt 已经被删除
2024-01-15 13:41:39 INFO 等待8秒
2024-01-15 13:41:47 INFO 等待8秒
2024-01-15 14:03:08 INFO 等待8秒
2024-01-15 14:03:16 INFO 等待8秒
2024-01-15 14:03:34 WARNING 文件: CNC12 - 1.txt 是新文件, 已经上传至FTP服务器
2024-01-15 14:03:34 INFO 等待8秒
2024-01-15 14:03:42 WARNING 文件: CNC12 - 1.txt 是新文件, 已经上传至FTP服务器
2024-01-15 14:03:42 INFO 等待8秒
2024-01-15 14:03:50 WARNING 文件: CNC12 - 1.txt 是新文件, 已经上传至FTP服务器
2024-01-15 14:03:50 INFO 等待8秒
2024-01-15 14:03:58 WARNING 文件: CNC12 - 1.txt 是新文件, 已经上传至FTP服务器
2024-01-15 14:03:58 INFO 等待8秒
2024-01-15 14:04:13 WARNING 文件: CNC12 - 1.txt 是新文件, 已经上传至FTP服务器
2024-01-15 14:04:13 WARNING 文件: CNC12 - 2.txt 是新文件, 已经上传至FTP服务器
2024-01-15 14:04:13 INFO 等待8秒
2024-01-15 14:04:21 WARNING 文件: CNC12 - 1.txt 是新文件, 已经上传至FTP服务器
2024-01-15 14:04:21 WARNING 文件: CNC12 - 2.txt 是新文件, 已经上传至FTP服务器
2024-01-15 14:04:21 INFO 等待8秒
2024-01-15 14:04:29 WARNING 文件: CNC12 - 1.txt 是新文件, 已经上传至FTP服务器
2024-01-15 14:04:29 WARNING 文件: CNC12 - 2.txt 是新文件, 已经上传至FTP服务器
2024-01-15 14:04:29 INFO 等待8秒
2024-01-15 14:04:37 WARNING 文件: CNC12 - 1.txt 是新文件, 已经上传至FTP服务器
2024-01-15 14:04:37 WARNING 文件: CNC12 - 2.txt 是新文件, 已经上传至FTP服务器
2024-01-15 14:04:37 INFO 等待8秒
2024-01-15 14:04:45 WARNING 文件: CNC12 - 1.txt 是新文件, 已经上传至FTP服务器
2024-01-15 14:04:45 WARNING 文件: CNC12 - 2.txt 是新文件, 已经上传至FTP服务器
2024-01-15 14:04:45 INFO 等待8秒
2024-01-15 14:05:30 WARNING 文件: CNC12 - 1.txt 是新文件, 已经上传至FTP服务器
2024-01-15 14:05:30 WARNING 文件: CNC12 - 2.txt 是新文件, 已经上传至FTP服务器
2024-01-15 14:05:30 INFO 等待8秒
2024-01-15 14:05:38 WARNING 文件: CNC12 - 1.txt 是新文件, 已经上传至FTP服务器
2024-01-15 14:05:38 WARNING 文件: CNC12 - 2.txt 是新文件, 已经上传至FTP服务器
2024-01-15 14:05:38 INFO 等待8秒
2024-01-15 14:06:52 WARNING 文件: CNC12 - 1.txt 是新文件, 已经上传至FTP服务器
2024-01-15 14:06:52 WARNING 文件: CNC12 - 2.txt 是新文件, 已经上传至FTP服务器
2024-01-15 14:06:52 INFO 等待8秒
2024-01-15 14:07:00 INFO 等待8秒
2024-01-15 14:07:08 INFO 等待8秒
2024-01-15 14:07:16 INFO 等待8秒
2024-01-15 14:07:24 INFO 等待8秒
2024-01-15 14:07:32 INFO 等待8秒
2024-01-15 14:07:40 INFO 等待8秒
2024-01-15 14:07:48 INFO 等待8秒
2024-01-15 14:07:56 INFO 等待8秒
2024-01-15 14:08:21 WARNING 开始第一次日志同步
2024-01-15 14:08:21 WARNING 文件: CNC12 - 1.txt 是新文件, 已经上传至FTP服务器
2024-01-15 14:12:24 INFO 等待8秒
2024-01-15 14:12:32 INFO 等待8秒
2024-01-15 14:13:11 INFO 等待8秒
2024-01-15 14:13:19 INFO 等待8秒
2024-01-15 14:13:27 INFO 等待8秒
